[02Apr2026 12:59:58.752] [main/INFO] [cpw.mods.modlauncher.Launcher/MODLAUNCHER]: ModLauncher running: args [--launchTarget, forgeclientdev, --version, 21.1.218, --assetIndex, asset-index, --assetsDir, C:\\Users\\entro\\.gradle\\caches\\minecraft\\assets, --gameDir, ., --fml.fmlVersion, 4.0.42, --fml.mcVersion, 1.21.1, --fml.neoForgeVersion, 21.1.218, --fml.neoFormVersion, 20240808.144430]
[02Apr2026 12:59:58.755] [main/INFO] [cpw.mods.modlauncher.Launcher/MODLAUNCHER]: JVM identified as JetBrains s.r.o. OpenJDK 64-Bit Server VM 21.0.6+-13391695-b895.109
[02Apr2026 12:59:58.756] [main/INFO] [cpw.mods.modlauncher.Launcher/MODLAUNCHER]: ModLauncher 11.0.5+main.901c6ea8 starting: java version 21.0.6 by JetBrains s.r.o.; OS Windows 11 arch amd64 version 10.0
[02Apr2026 12:59:58.834] [main/INFO] [net.neoforged.fml.loading.ImmediateWindowHandler/]: Loading ImmediateWindowProvider fmlearlywindow
[02Apr2026 12:59:58.923] [main/INFO] [EARLYDISPLAY/]: Trying GL version 4.6
[02Apr2026 12:59:59.171] [main/INFO] [EARLYDISPLAY/]: Requested GL version 4.6 got version 4.6
[02Apr2026 12:59:59.239] [main/INFO] [mixin/]: SpongePowered MIXIN Subsystem Version=0.8.7 Source=union:/C:/Users/entro/.gradle/caches/modules-2/files-2.1/net.fabricmc/sponge-mixin/0.15.2+mixin.0.8.7/2af2f021d8e02a0220dc27a7a72b4666d66d44ca/sponge-mixin-0.15.2+mixin.0.8.7.jar%23142!/ Service=ModLauncher Env=CLIENT
[02Apr2026 12:59:59.347] [main/INFO] [net.neoforged.fml.loading.moddiscovery.ModDiscoverer/SCAN]: Found mod file "neoforge-21.1.218.jar" [locator: neoforge devenv provider ([D:\Coding Projects\Entropy Arena\.gradle\repositories\ng_dummy_ng\net\neoforged\neoforge\21.1.218\neoforge-21.1.218.jar])]
[02Apr2026 12:59:59.363] [main/INFO] [net.neoforged.fml.loading.moddiscovery.ModDiscoverer/SCAN]: Found mod file "neoforge-21.1.218.jar" [locator: neoforge devenv provider ([D:\Coding Projects\Entropy Arena\.gradle\repositories\ng_dummy_ng\net\neoforged\neoforge\21.1.218\neoforge-21.1.218.jar])]
[02Apr2026 12:59:59.373] [main/INFO] [net.neoforged.fml.loading.moddiscovery.ModDiscoverer/SCAN]: Found mod file "main" [locator: userdev mods and services, reader: mod manifest]
[02Apr2026 12:59:59.382] [main/INFO] [net.neoforged.fml.loading.moddiscovery.ModDiscoverer/SCAN]: Found mod file "neoforge-21.1.218.jar" [locator: userdev mods and services, reader: mod manifest]
[02Apr2026 12:59:59.411] [pool-2-thread-1/INFO] [EARLYDISPLAY/]: GL info: NVIDIA GeForce RTX 4060 Laptop GPU/PCIe/SSE2 GL version 4.6.0 NVIDIA 595.79, NVIDIA Corporation
[02Apr2026 12:59:59.413] [main/INFO] [net.neoforged.fml.loading.moddiscovery.ModDiscoverer/SCAN]: Found gamelibrary file "Registrate-MC1.21-1.3.0+67.jar" [locator: userdev mods and services, reader: mod manifest]
[02Apr2026 12:59:59.497] [main/INFO] [net.neoforged.fml.loading.moddiscovery.ModDiscoverer/SCAN]: Found gamelibrary file "mixinextras-neoforge-0.5.0.jar" [locator: userdev mods and services, reader: mod manifest]
[02Apr2026 12:59:59.577] [main/WARN] [net.neoforged.jarjar.selection.JarSelector/]: Attempted to select a dependency jar for JarJar which was passed in as source: library:mixinextras.neoforge. Using Mod File: C:\Users\entro\.gradle\caches\modules-2\files-2.1\io.github.llamalad7\mixinextras-neoforge\0.5.0\d734b83ce6542bb70ea31755c1595b88992dbe65\mixinextras-neoforge-0.5.0.jar
[02Apr2026 12:59:59.578] [main/INFO] [net.neoforged.fml.loading.moddiscovery.locators.JarInJarDependencyLocator/]: Found 1 dependencies adding them to mods collection
[02Apr2026 12:59:59.578] [main/INFO] [net.neoforged.fml.loading.moddiscovery.ModDiscoverer/SCAN]: Found library file "net.neoforged.neoforge-coremods-21.1.218.jar" [parent: neoforge-21.1.218.jar, locator: jarinjar, reader: mod manifest]
[02Apr2026 12:59:59.579] [main/INFO] [net.neoforged.fml.loading.moddiscovery.ModDiscoverer/]: 
     Mod List:
		Name Version (Mod Id)

		Entropy Arena 1.0.0 (entropyarena)
		Minecraft 1.21.1 (minecraft)
		NeoForge 21.1.218 (neoforge)
[02Apr2026 12:59:59.889] [main/INFO] [mixin/]: Compatibility level set to JAVA_21
[02Apr2026 12:59:59.897] [main/INFO] [cpw.mods.modlauncher.LaunchServiceHandler/MODLAUNCHER]: Launching target 'forgeclientdev' with arguments [--version, 21.1.218, --gameDir, ., --assetsDir, C:\Users\entro\.gradle\caches\minecraft\assets, --assetIndex, asset-index]
[02Apr2026 13:00:01.269] [Datafixer Bootstrap/INFO] [com.mojang.datafixers.DataFixerBuilder/]: 229 Datafixer optimizations took 293 milliseconds
[02Apr2026 13:00:01.360] [pool-7-thread-1/INFO] [MixinExtras|Service/]: Initializing MixinExtras via com.llamalad7.mixinextras.service.MixinExtrasServiceImpl(version=0.5.0).
[02Apr2026 13:00:04.672] [main/WARN] [net.minecraft.commands.Commands/]: Ambiguity between arguments [teleport, location] and [teleport, destination] with inputs: [0.1 -0.5 .9, 0 0 0]
[02Apr2026 13:00:04.673] [main/WARN] [net.minecraft.commands.Commands/]: Ambiguity between arguments [teleport, location] and [teleport, targets] with inputs: [0.1 -0.5 .9, 0 0 0]
[02Apr2026 13:00:04.675] [main/WARN] [net.minecraft.commands.Commands/]: Ambiguity between arguments [teleport, destination] and [teleport, targets] with inputs: [Player, 0123, @e, dd12be42-52a9-4a91-a8a1-11c01849e498]
[02Apr2026 13:00:04.676] [main/WARN] [net.minecraft.commands.Commands/]: Ambiguity between arguments [teleport, targets] and [teleport, destination] with inputs: [Player, 0123, dd12be42-52a9-4a91-a8a1-11c01849e498]
[02Apr2026 13:00:04.676] [main/WARN] [net.minecraft.commands.Commands/]: Ambiguity between arguments [teleport, targets, location] and [teleport, targets, destination] with inputs: [0.1 -0.5 .9, 0 0 0]
[02Apr2026 13:00:04.753] [Render thread/WARN] [net.minecraft.server.packs.VanillaPackResourcesBuilder/]: Assets URL 'union:/D:/Coding%20Projects/Entropy%20Arena/.gradle/repositories/ng_dummy_ng/net/neoforged/neoforge/21.1.218/neoforge-21.1.218.jar%23195!/assets/.mcassetsroot' uses unexpected schema
[02Apr2026 13:00:04.753] [Render thread/WARN] [net.minecraft.server.packs.VanillaPackResourcesBuilder/]: Assets URL 'union:/D:/Coding%20Projects/Entropy%20Arena/.gradle/repositories/ng_dummy_ng/net/neoforged/neoforge/21.1.218/neoforge-21.1.218.jar%23195!/data/.mcassetsroot' uses unexpected schema
[02Apr2026 13:00:04.770] [Render thread/INFO] [com.mojang.authlib.yggdrasil.YggdrasilAuthenticationService/]: Environment: Environment[sessionHost=https://sessionserver.mojang.com, servicesHost=https://api.minecraftservices.com, name=PROD]
[02Apr2026 13:00:04.775] [Render thread/INFO] [net.minecraft.client.Minecraft/]: Setting user: Dev
[02Apr2026 13:00:04.825] [Render thread/INFO] [net.minecraft.client.Minecraft/]: Backend library: LWJGL version 3.3.3+5
[02Apr2026 13:00:05.007] [modloading-worker-0/INFO] [net.neoforged.neoforge.common.NeoForgeMod/NEOFORGE-MOD]: NeoForge mod loading, version 21.1.218, for MC 1.21.1
[02Apr2026 13:00:05.575] [Render thread/INFO] [net.neoforged.neoforge.gametest.GameTestHooks/]: Enabled Gametest Namespaces: [entropyarena]
[02Apr2026 13:00:05.665] [Render thread/INFO] [net.minecraft.server.packs.resources.ReloadableResourceManager/]: Reloading ResourceManager: vanilla, mod_resources, mod/entropyarena, mod/neoforge
[02Apr2026 13:00:05.733] [Worker-Main-13/INFO] [net.minecraft.client.gui.font.providers.UnihexProvider/]: Found unifont_all_no_pua-15.1.05.hex, loading
[02Apr2026 13:00:05.753] [Worker-Main-11/INFO] [net.minecraft.client.gui.font.providers.UnihexProvider/]: Found unifont_jp_patch-15.1.05.hex, loading
[02Apr2026 13:00:06.758] [Render thread/WARN] [net.minecraft.client.sounds.SoundEngine/]: Missing sound for event: minecraft:item.goat_horn.play
[02Apr2026 13:00:06.758] [Render thread/WARN] [net.minecraft.client.sounds.SoundEngine/]: Missing sound for event: minecraft:entity.goat.screaming.horn_break
[02Apr2026 13:00:07.476] [Render thread/INFO] [com.mojang.blaze3d.audio.Library/]: OpenAL initialized on device OpenAL Soft on Speakers (Realtek(R) Audio)
[02Apr2026 13:00:07.477] [Render thread/INFO] [net.minecraft.client.sounds.SoundEngine/SOUNDS]: Sound engine started
[02Apr2026 13:00:07.547] [Render thread/INFO] [net.minecraft.client.renderer.texture.TextureAtlas/]: Created: 1024x512x4 minecraft:textures/atlas/blocks.png-atlas
[02Apr2026 13:00:07.553] [Render thread/INFO] [net.minecraft.client.renderer.texture.TextureAtlas/]: Created: 256x256x4 minecraft:textures/atlas/signs.png-atlas
[02Apr2026 13:00:07.553] [Render thread/INFO] [net.minecraft.client.renderer.texture.TextureAtlas/]: Created: 512x512x4 minecraft:textures/atlas/shield_patterns.png-atlas
[02Apr2026 13:00:07.553] [Render thread/INFO] [net.minecraft.client.renderer.texture.TextureAtlas/]: Created: 512x512x4 minecraft:textures/atlas/banner_patterns.png-atlas
[02Apr2026 13:00:07.554] [Render thread/INFO] [net.minecraft.client.renderer.texture.TextureAtlas/]: Created: 1024x1024x4 minecraft:textures/atlas/armor_trims.png-atlas
[02Apr2026 13:00:07.556] [Render thread/INFO] [net.minecraft.client.renderer.texture.TextureAtlas/]: Created: 128x64x4 minecraft:textures/atlas/decorated_pot.png-atlas
[02Apr2026 13:00:07.556] [Render thread/INFO] [net.minecraft.client.renderer.texture.TextureAtlas/]: Created: 256x256x4 minecraft:textures/atlas/chest.png-atlas
[02Apr2026 13:00:07.556] [Render thread/INFO] [net.minecraft.client.renderer.texture.TextureAtlas/]: Created: 512x256x4 minecraft:textures/atlas/beds.png-atlas
[02Apr2026 13:00:07.556] [Render thread/INFO] [net.minecraft.client.renderer.texture.TextureAtlas/]: Created: 512x256x4 minecraft:textures/atlas/shulker_boxes.png-atlas
[02Apr2026 13:00:07.650] [Render thread/INFO] [net.minecraft.client.renderer.texture.TextureAtlas/]: Created: 512x256x0 minecraft:textures/atlas/particles.png-atlas
[02Apr2026 13:00:07.650] [Render thread/INFO] [net.minecraft.client.renderer.texture.TextureAtlas/]: Created: 512x256x0 minecraft:textures/atlas/paintings.png-atlas
[02Apr2026 13:00:07.651] [Render thread/INFO] [net.minecraft.client.renderer.texture.TextureAtlas/]: Created: 256x128x0 minecraft:textures/atlas/mob_effects.png-atlas
[02Apr2026 13:00:07.651] [Render thread/INFO] [net.minecraft.client.renderer.texture.TextureAtlas/]: Created: 64x64x0 minecraft:textures/atlas/map_decorations.png-atlas
[02Apr2026 13:00:07.651] [Render thread/INFO] [net.minecraft.client.renderer.texture.TextureAtlas/]: Created: 1024x512x0 minecraft:textures/atlas/gui.png-atlas
[02Apr2026 13:00:07.670] [Render thread/WARN] [net.minecraft.client.renderer.ShaderInstance/]: Shader rendertype_entity_translucent_emissive could not find sampler named Sampler2 in the specified shader program.
[02Apr2026 13:00:07.703] [Render thread/INFO] [net.neoforged.neoforge.client.entity.animation.json.AnimationLoader/]: Loaded 0 entity animations
[02Apr2026 13:00:11.112] [Render thread/INFO] [net.minecraft.world.item.crafting.RecipeManager/]: Loaded 1290 recipes
[02Apr2026 13:00:11.201] [Render thread/INFO] [net.minecraft.advancements.AdvancementTree/]: Loaded 1399 advancements
[02Apr2026 13:00:11.497] [Server thread/INFO] [net.minecraft.client.server.IntegratedServer/]: Starting integrated minecraft server version 1.21.1
[02Apr2026 13:00:11.498] [Server thread/INFO] [net.minecraft.server.MinecraftServer/]: Generating keypair
[02Apr2026 13:00:12.072] [Server thread/INFO] [net.minecraft.server.MinecraftServer/]: Preparing start region for dimension minecraft:overworld
[02Apr2026 13:00:12.322] [progressListener/INFO] [net.minecraft.server.level.progress.LoggerChunkProgressListener/]: Preparing spawn area: 0%
[02Apr2026 13:00:12.394] [Server thread/INFO] [net.neoforged.neoforge.server.permission.PermissionAPI/]: Successfully initialized permission handler neoforge:default_handler
[02Apr2026 13:00:12.400] [progressListener/INFO] [net.minecraft.server.level.progress.LoggerChunkProgressListener/]: Time elapsed: 318 ms
[02Apr2026 13:00:12.453] [Server thread/INFO] [net.minecraft.client.server.IntegratedServer/]: Changing view distance to 12, from 10
[02Apr2026 13:00:12.453] [Server thread/INFO] [net.minecraft.client.server.IntegratedServer/]: Changing simulation distance to 12, from 0
[02Apr2026 13:00:12.850] [Server thread/INFO] [net.minecraft.server.players.PlayerList/]: Dev[local:E:5dffe6f3] logged in with entity id 42 at (-368.5, 66.0, -404.5)
[02Apr2026 13:00:12.894] [Server thread/INFO] [net.minecraft.server.MinecraftServer/]: Dev joined the game
[02Apr2026 13:00:13.184] [Render thread/INFO] [net.minecraft.advancements.AdvancementTree/]: Loaded 126 advancements
[02Apr2026 13:00:16.625] [Render thread/INFO] [net.minecraft.client.gui.components.ChatComponent/]: [System] [CHAT] Starting Entropy Arena
[02Apr2026 13:00:16.815] [Server thread/INFO] [net.minecraft.server.MinecraftServer/]: [Dev: Started match]
[02Apr2026 13:00:16.822] [Render thread/INFO] [net.minecraft.client.gui.components.ChatComponent/]: [System] [CHAT] Started match
[02Apr2026 13:00:21.260] [Render thread/INFO] [net.minecraft.client.gui.components.ChatComponent/]: [System] [CHAT] Voted for map Terrain Tower
[02Apr2026 13:00:26.546] [Server thread/INFO] [com.entropy.arena.core.EntropyArena/]: Starting game!
[02Apr2026 13:00:26.569] [Render thread/INFO] [net.minecraft.client.gui.components.ChatComponent/]: [System] [CHAT] Game starting!
[02Apr2026 13:00:26.569] [Render thread/INFO] [net.minecraft.client.gui.components.ChatComponent/]: [System] [CHAT] Map: Terrain Tower - gamemode: King of the Hill
[02Apr2026 13:00:50.857] [Render thread/INFO] [net.minecraft.client.gui.components.ChatComponent/]: [System] [CHAT] Dev has taken the hill
[02Apr2026 13:00:54.546] [Server thread/INFO] [net.minecraft.client.server.IntegratedServer/]: Saving and pausing game...
[02Apr2026 13:00:54.560] [Server thread/INFO] [net.minecraft.server.MinecraftServer/]: Saving chunks for level 'ServerLevel[New World]'/minecraft:overworld
[02Apr2026 13:00:54.566] [Server thread/INFO] [net.minecraft.server.MinecraftServer/]: Saving chunks for level 'ServerLevel[New World]'/minecraft:the_nether
[02Apr2026 13:00:54.567] [Server thread/INFO] [net.minecraft.server.MinecraftServer/]: Saving chunks for level 'ServerLevel[New World]'/minecraft:the_end
[02Apr2026 13:04:13.000] [Render thread/WARN] [net.neoforged.neoforge.client.gui.ConfigurationScreen.TranslationChecker/]: 
	Dev warning - Untranslated configuration keys encountered. Please translate your configuration keys so users can properly configure your mod.

Untranslated keys:
  "entropyarena.configuration.notificationFadeoutDuration": "",
  "entropyarena.configuration.intervalSeconds": "",
  "entropyarena.configuration.roundSeconds": "",
  "entropyarena.configuration.respawnDelay": "",
  "entropyarena.configuration.hideEnemyNametags": "",
  "entropyarena.configuration.giveSaturation": "",
  "entropyarena.configuration.infiniteBlocks": "",
  "entropyarena.configuration.notificationFadeoutDelay": "",
  "entropyarena.configuration.useChatForNotifications": "",
  "entropyarena.configuration.friendlyFire": "",
The following keys have fallbacks. Please check if those are suitable, and translate them if they're not.
  "entropyarena.configuration.hideEnemyNametags.tooltip": "",
  "entropyarena.configuration.intervalSeconds.tooltip": "",
  "entropyarena.configuration.giveSaturation.tooltip": "",
  "entropyarena.configuration.respawnDelay.tooltip": "",
  "entropyarena.configuration.useChatForNotifications.tooltip": "",
  "entropyarena.configuration.section.entropyarena.server.toml": "",
  "entropyarena.configuration.notificationFadeoutDelay.tooltip": "",
  "entropyarena.configuration.roundSeconds.tooltip": "",
  "entropyarena.configuration.section.entropyarena.common.toml.title": "",
  "entropyarena.configuration.section.entropyarena.server.toml.title": "",
  "entropyarena.configuration.section.entropyarena.common.toml": "",
  "entropyarena.configuration.section.entropyarena.client.toml": "",
  "entropyarena.configuration.notificationFadeoutDuration.tooltip": "",
  "entropyarena.configuration.friendlyFire.tooltip": "",
  "entropyarena.configuration.title": "",
  "entropyarena.configuration.section.entropyarena.client.toml.title": "",
  "entropyarena.configuration.infiniteBlocks.tooltip": "",
[02Apr2026 13:04:16.746] [Server thread/INFO] [net.minecraft.client.server.IntegratedServer/]: Saving and pausing game...
[02Apr2026 13:04:16.755] [Server thread/INFO] [net.minecraft.server.MinecraftServer/]: Saving chunks for level 'ServerLevel[New World]'/minecraft:overworld
[02Apr2026 13:04:16.757] [Server thread/INFO] [net.minecraft.server.MinecraftServer/]: Saving chunks for level 'ServerLevel[New World]'/minecraft:the_nether
[02Apr2026 13:04:16.759] [Server thread/INFO] [net.minecraft.server.MinecraftServer/]: Saving chunks for level 'ServerLevel[New World]'/minecraft:the_end
[02Apr2026 13:04:48.246] [Server thread/INFO] [com.entropy.arena.core.EntropyArena/]: Ending game!
[02Apr2026 13:04:48.258] [Render thread/INFO] [com.entropy.arena.core.EntropyArena/]: [Notification] Game over!
[02Apr2026 13:04:48.258] [Render thread/INFO] [com.entropy.arena.core.EntropyArena/]: [Notification] Dev won the game with 7 points
[02Apr2026 13:04:52.355] [Render thread/INFO] [com.entropy.arena.core.EntropyArena/]: [Notification] Voted for map Test Waves
[02Apr2026 13:04:58.246] [Server thread/INFO] [com.entropy.arena.core.EntropyArena/]: Starting game!
[02Apr2026 13:04:58.254] [Render thread/INFO] [com.entropy.arena.core.EntropyArena/]: [Notification] Game starting!
[02Apr2026 13:04:58.254] [Render thread/INFO] [com.entropy.arena.core.EntropyArena/]: [Notification] Map: Test Waves - gamemode: Wave Survival
[02Apr2026 13:05:18.197] [Server thread/WARN] [net.minecraft.world.level.entity.PersistentEntitySectionManager/]: UUID of added entity already exists: Skeleton['Skeleton'/2009, l='ServerLevel[New World]', x=-423.50, y=92.00, z=-240.50]
[02Apr2026 13:05:18.197] [Server thread/WARN] [net.minecraft.world.level.entity.PersistentEntitySectionManager/]: UUID of added entity already exists: Creeper['Creeper'/2010, l='ServerLevel[New World]', x=-378.50, y=92.00, z=-240.50]
[02Apr2026 13:05:18.198] [Server thread/WARN] [net.minecraft.world.level.entity.PersistentEntitySectionManager/]: UUID of added entity already exists: Husk['Husk'/2011, l='ServerLevel[New World]', x=-378.50, y=92.00, z=-240.50]
[02Apr2026 13:05:18.198] [Server thread/WARN] [net.minecraft.world.level.entity.PersistentEntitySectionManager/]: UUID of added entity already exists: Husk['Husk'/2012, l='ServerLevel[New World]', x=-378.50, y=92.00, z=-240.50]
[02Apr2026 13:05:18.198] [Server thread/WARN] [net.minecraft.world.level.entity.PersistentEntitySectionManager/]: UUID of added entity already exists: Witch['Witch'/2013, l='ServerLevel[New World]', x=-378.50, y=92.00, z=-285.50]
[02Apr2026 13:05:18.199] [Server thread/WARN] [net.minecraft.world.level.entity.PersistentEntitySectionManager/]: UUID of added entity already exists: Zombie['Zombie'/2014, l='ServerLevel[New World]', x=-378.50, y=92.00, z=-240.50]
[02Apr2026 13:05:18.199] [Server thread/WARN] [net.minecraft.world.level.entity.PersistentEntitySectionManager/]: UUID of added entity already exists: Zombie['Zombie'/2015, l='ServerLevel[New World]', x=-423.50, y=92.00, z=-285.50]
[02Apr2026 13:05:18.199] [Server thread/WARN] [net.minecraft.world.level.entity.PersistentEntitySectionManager/]: UUID of added entity already exists: Spider['Spider'/2016, l='ServerLevel[New World]', x=-378.50, y=92.00, z=-240.50]
[02Apr2026 13:05:18.207] [Server thread/WARN] [net.minecraft.world.level.entity.PersistentEntitySectionManager/]: UUID of added entity already exists: PiglinBrute['Piglin Brute'/2017, l='ServerLevel[New World]', x=-423.50, y=92.00, z=-285.50]
[02Apr2026 13:05:18.207] [Server thread/WARN] [net.minecraft.world.level.entity.PersistentEntitySectionManager/]: UUID of added entity already exists: Witch['Witch'/2018, l='ServerLevel[New World]', x=-423.50, y=92.00, z=-240.50]
[02Apr2026 13:05:34.358] [Render thread/INFO] [net.minecraft.advancements.AdvancementTree/]: Loaded 126 advancements
[02Apr2026 13:05:35.511] [Render thread/INFO] [net.minecraft.advancements.AdvancementTree/]: Loaded 126 advancements
[02Apr2026 13:05:42.722] [Server thread/INFO] [net.minecraft.server.MinecraftServer/]: [Dev: Gamerule mobGriefing is now set to: false]
[02Apr2026 13:05:42.727] [Render thread/INFO] [net.minecraft.client.gui.components.ChatComponent/]: [System] [CHAT] Gamerule mobGriefing is now set to: false
[02Apr2026 13:05:50.306] [Render thread/INFO] [net.minecraft.advancements.AdvancementTree/]: Loaded 126 advancements
[02Apr2026 13:05:50.909] [Render thread/INFO] [net.minecraft.advancements.AdvancementTree/]: Loaded 127 advancements
[02Apr2026 13:05:51.002] [Render thread/INFO] [net.minecraft.advancements.AdvancementTree/]: Loaded 135 advancements
[02Apr2026 13:05:58.247] [Server thread/INFO] [com.entropy.arena.core.EntropyArena/]: Ending game!
[02Apr2026 13:05:58.257] [Render thread/INFO] [com.entropy.arena.core.EntropyArena/]: [Notification] Game over!
[02Apr2026 13:05:58.257] [Render thread/INFO] [com.entropy.arena.core.EntropyArena/]: [Notification] Final score was 0
[02Apr2026 13:06:01.209] [Server thread/INFO] [net.minecraft.server.MinecraftServer/]: [Dev: Stopped match]
[02Apr2026 13:06:01.212] [Render thread/INFO] [com.entropy.arena.core.EntropyArena/]: [Notification] Game over!
[02Apr2026 13:06:01.212] [Render thread/INFO] [net.minecraft.client.gui.components.ChatComponent/]: [System] [CHAT] Stopped match
[02Apr2026 13:06:01.868] [Server thread/INFO] [net.minecraft.server.MinecraftServer/]: [Dev: Set own game mode to Creative Mode]
[02Apr2026 13:06:01.874] [Render thread/INFO] [net.minecraft.client.gui.components.ChatComponent/]: [System] [CHAT] Set own game mode to Creative Mode
[02Apr2026 13:06:27.526] [Server thread/INFO] [net.minecraft.server.MinecraftServer/]: [Dev: Set own game mode to Spectator Mode]
[02Apr2026 13:06:27.533] [Render thread/INFO] [net.minecraft.client.gui.components.ChatComponent/]: [System] [CHAT] Set own game mode to Spectator Mode
[02Apr2026 13:06:34.574] [Server thread/INFO] [net.minecraft.server.MinecraftServer/]: [Dev: Set own game mode to Creative Mode]
[02Apr2026 13:06:34.579] [Render thread/INFO] [net.minecraft.client.gui.components.ChatComponent/]: [System] [CHAT] Set own game mode to Creative Mode
[02Apr2026 13:06:42.546] [Server thread/INFO] [net.minecraft.client.server.IntegratedServer/]: Saving and pausing game...
[02Apr2026 13:06:42.555] [Server thread/INFO] [net.minecraft.server.MinecraftServer/]: Saving chunks for level 'ServerLevel[New World]'/minecraft:overworld
[02Apr2026 13:06:42.559] [Server thread/INFO] [net.minecraft.server.MinecraftServer/]: Saving chunks for level 'ServerLevel[New World]'/minecraft:the_nether
[02Apr2026 13:06:42.559] [Server thread/INFO] [net.minecraft.server.MinecraftServer/]: Saving chunks for level 'ServerLevel[New World]'/minecraft:the_end
[02Apr2026 13:06:43.000] [Server thread/INFO] [net.minecraft.server.network.ServerGamePacketListenerImpl/]: Dev lost connection: Disconnected
[02Apr2026 13:06:43.000] [Server thread/INFO] [net.minecraft.server.MinecraftServer/]: Dev left the game
[02Apr2026 13:06:43.008] [Server thread/INFO] [net.minecraft.server.network.ServerCommonPacketListenerImpl/]: Stopping singleplayer server as player logged out
[02Apr2026 13:06:43.047] [Server thread/INFO] [net.minecraft.server.MinecraftServer/]: Stopping server
[02Apr2026 13:06:43.047] [Server thread/INFO] [net.minecraft.server.MinecraftServer/]: Saving players
[02Apr2026 13:06:43.047] [Server thread/INFO] [net.minecraft.server.MinecraftServer/]: Saving worlds
[02Apr2026 13:06:43.082] [Server thread/INFO] [net.minecraft.server.MinecraftServer/]: Saving chunks for level 'ServerLevel[New World]'/minecraft:overworld
[02Apr2026 13:06:43.154] [Server thread/INFO] [net.minecraft.server.MinecraftServer/]: Saving chunks for level 'ServerLevel[New World]'/minecraft:the_nether
[02Apr2026 13:06:43.174] [Server thread/INFO] [net.minecraft.server.MinecraftServer/]: Saving chunks for level 'ServerLevel[New World]'/minecraft:the_end
[02Apr2026 13:06:43.198] [Server thread/INFO] [net.minecraft.server.MinecraftServer/]: ThreadedAnvilChunkStorage (New World): All chunks are saved
[02Apr2026 13:06:43.198] [Server thread/INFO] [net.minecraft.server.MinecraftServer/]: ThreadedAnvilChunkStorage (DIM-1): All chunks are saved
[02Apr2026 13:06:43.198] [Server thread/INFO] [net.minecraft.server.MinecraftServer/]: ThreadedAnvilChunkStorage (DIM1): All chunks are saved
[02Apr2026 13:06:43.198] [Server thread/INFO] [net.minecraft.server.MinecraftServer/]: ThreadedAnvilChunkStorage: All dimensions are saved
[02Apr2026 13:06:43.659] [Render thread/INFO] [net.minecraft.client.Minecraft/]: Stopping!
